<?xml version="1.0" encoding="UTF-8"?>
<testng-results ignored="0" total="1" passed="1" failed="0" skipped="0">
  <reporter-output>
  </reporter-output>
  <suite started-at="2025-10-16T21:12:08 IST" name="Default suite" finished-at="2025-10-16T21:12:10 IST" duration-ms="1611">
    <groups>
    </groups>
    <test started-at="2025-10-16T21:12:08 IST" name="Default test" finished-at="2025-10-16T21:12:10 IST" duration-ms="1611">
      <class name="myPackage.OrangeHRM">
        <test-method signature="launch()[pri:0, instance:myPackage.OrangeHRM@1a75e76a]" started-at="2025-10-16T21:12:08 IST" name="launch" finished-at="2025-10-16T21:12:10 IST" duration-ms="1518" status="PASS">
          <reporter-output>
          </reporter-output>
        </test-method> <!-- launch -->
      </class> <!-- myPackage.OrangeHRM -->
    </test> <!-- Default test -->
  </suite> <!-- Default suite -->
</testng-results>
